{"synthetic": false,
 "schemaVersion": "2025-09-10",
 "outputs":
 {"o": ["2bdb0633d4020957.olean"],
  "i": "00d4af8a4d991528.ilean",
  "c": "672e6a45dbd34177.c"},
 "log":
 [{"message":
   ".> LEAN_PATH=/home/mrnob0dy666/hodge_lefschetz/.lake/packages/Cli/.lake/build/lib/lean:/home/mrnob0dy666/hodge_lefschetz/.lake/packages/batteries/.lake/build/lib/lean:/home/mrnob0dy666/hodge_lefschetz/.lake/packages/Qq/.lake/build/lib/lean:/home/mrnob0dy666/hodge_lefschetz/.lake/packages/aesop/.lake/build/lib/lean:/home/mrnob0dy666/hodge_lefschetz/.lake/packages/proofwidgets/.lake/build/lib/lean:/home/mrnob0dy666/hodge_lefschetz/.lake/packages/importGraph/.lake/build/lib/lean:/home/mrnob0dy666/hodge_lefschetz/.lake/packages/LeanSearchClient/.lake/build/lib/lean:/home/mrnob0dy666/hodge_lefschetz/.lake/packages/plausible/.lake/build/lib/lean:/home/mrnob0dy666/hodge_lefschetz/.lake/packages/mathlib/.lake/build/lib/lean:/home/mrnob0dy666/hodge_lefschetz/.lake/build/lib/lean /home/mrnob0dy666/.elan/toolchains/leanprover--lean4---v4.28.0/bin/lean /home/mrnob0dy666/hodge_lefschetz/HodgeLefschetz/Lefschetz11.lean -o /home/mrnob0dy666/hodge_lefschetz/.lake/build/lib/lean/HodgeLefschetz/Lefschetz11.olean -i /home/mrnob0dy666/hodge_lefschetz/.lake/build/lib/lean/HodgeLefschetz/Lefschetz11.ilean -c /home/mrnob0dy666/hodge_lefschetz/.lake/build/ir/HodgeLefschetz/Lefschetz11.c --setup /home/mrnob0dy666/hodge_lefschetz/.lake/build/ir/HodgeLefschetz/Lefschetz11.setup.json --json",
   "level": "trace"}],
 "inputs":
 [["HodgeLefschetz.Lefschetz11:deps",
   [["deps",
     [["«hodge-lefschetz»/HodgeLefschetz:extraDep",
       [["@«hodge-lefschetz»:extraDep", "00000000000006bb"]]],
      ["imports",
       [["Mathlib.Analysis.Complex.Basic transitive imports (legacy)",
         "a67d29d0f33b4dfd"],
        ["Mathlib.Analysis.Complex.Basic:importAllArts", "6c967a86fce9509f"],
        ["Mathlib.Topology.Basic transitive imports (legacy)",
         "d3cd6d3ded0ad0d6"],
        ["Mathlib.Topology.Basic:importAllArts", "21a922b9f06018f7"],
        ["Mathlib.Tactic transitive imports (legacy)", "bf2ae2962534f582"],
        ["Mathlib.Tactic:importAllArts", "1d9edd976155df75"]]]]],
    ["libs",
     [["import dynlibs", "00000000000006bb"],
      ["package external libraries", "00000000000006bb"],
      ["module dynlibs", "00000000000006bb"],
      ["module plugins", "00000000000006bb"]]]]],
  ["Lean 4.28.0, commit 7e01a1bf5c70fc6167d49c345d3bf80596e9a79b",
   "a96bc04a2e5e9630"],
  ["/home/mrnob0dy666/hodge_lefschetz/HodgeLefschetz/Lefschetz11.lean",
   "4961e888c0c1c9a1"],
  ["options",
   [["-DrelaxedAutoImplicit=false", "74a2b5546b55be80"],
    ["-Dpp.unicode.fun=true", "9b94070140457fab"]]],
  ["Module.leanArgs: #[]", "00000000000006bb"]],
 "depHash": "1b7ad421089d3f8c"}